PushDemo/build/outputs/mapping/debug/seeds.txt
com.umeng.message.example.AddOrUpdateLocalNotificationActivity
com.umeng.message.example.AddOrUpdateLocalNotificationActivity: AddOrUpdateLocalNotificationActivity()
com.umeng.message.example.LocalNotificationActivity
com.umeng.message.example.LocalNotificationActivity: LocalNotificationActivity()
com.umeng.message.example.MainActivity
com.umeng.message.example.MainActivity: MainActivity()
com.umeng.message.example.MyApplication
com.umeng.message.example.MyApplication: MyApplication()
com.umeng.message.example.MyPushIntentService
com.umeng.message.example.MyPushIntentService: MyPushIntentService()
com.umeng.message.example.NotificationService
com.umeng.message.example.NotificationService: NotificationService()
com.umeng.message.example.R$array
com.umeng.message.example.R$array: int playLights
com.umeng.message.example.R$array: int playSound
com.umeng.message.example.R$array: int playVibrate
com.umeng.message.example.R$array: int repeatingUnit
com.umeng.message.example.R$array: int screenOn
com.umeng.message.example.R$array: int specialDay
com.umeng.message.example.R$attr
com.umeng.message.example.R$color
com.umeng.message.example.R$color: int black
com.umeng.message.example.R$color: int green
com.umeng.message.example.R$color: int white
com.umeng.message.example.R$dimen
com.umeng.message.example.R$dimen: int activity_horizontal_margin
com.umeng.message.example.R$dimen: int activity_vertical_margin
com.umeng.message.example.R$drawable
com.umeng.message.example.R$drawable: int close_button
com.umeng.message.example.R$drawable: int delete
com.umeng.message.example.R$drawable: int ic_launcher
com.umeng.message.example.R$drawable: int list_item_color_bg
com.umeng.message.example.R$drawable: int open_button
com.umeng.message.example.R$drawable: int search_btn_background
com.umeng.message.example.R$drawable: int search_frame
com.umeng.message.example.R$drawable: int search_top_background
com.umeng.message.example.R$drawable: int top_background
com.umeng.message.example.R$drawable: int umeng_push_notification_default_large_icon
com.umeng.message.example.R$drawable: int umeng_push_notification_default_small_below5
com.umeng.message.example.R$drawable: int umeng_push_notification_default_small_icon
com.umeng.message.example.R$id
com.umeng.message.example.R$id: int Content
com.umeng.message.example.R$id: int Datetime
com.umeng.message.example.R$id: int Title
com.umeng.message.example.R$id: int btnAddAlias
com.umeng.message.example.R$id: int btnAddExclusiveAlias
com.umeng.message.example.R$id: int btnAddTags
com.umeng.message.example.R$id: int btnEnable
com.umeng.message.example.R$id: int btnListTags
com.umeng.message.example.R$id: int btnLocalNotification
com.umeng.message.example.R$id: int btnSearch
com.umeng.message.example.R$id: int builderLl
com.umeng.message.example.R$id: int contentLl
com.umeng.message.example.R$id: int dayTxv
com.umeng.message.example.R$id: int edAlias
com.umeng.message.example.R$id: int edAliasType
com.umeng.message.example.R$id: int edExclusiveAlias
com.umeng.message.example.R$id: int edTag
com.umeng.message.example.R$id: int edtContent
com.umeng.message.example.R$id: int edtDay
com.umeng.message.example.R$id: int edtDefaults
com.umeng.message.example.R$id: int edtFlags
com.umeng.message.example.R$id: int edtHour
com.umeng.message.example.R$id: int edtLargeIconDrawable
com.umeng.message.example.R$id: int edtLayoutContentId
com.umeng.message.example.R$id: int edtLayoutIconDrawableId
com.umeng.message.example.R$id: int edtLayoutIconId
com.umeng.message.example.R$id: int edtLayoutId
com.umeng.message.example.R$id: int edtLayoutTitleId
com.umeng.message.example.R$id: int edtMinute
com.umeng.message.example.R$id: int edtMonth
...
android.support.v4.app.NotificationCompatExtras
android.support.v4.app.NotificationCompatExtras: java.lang.String EXTRA_LOCAL_ONLY
android.support.v4.app.NotificationCompatExtras: java.lang.String EXTRA_GROUP_KEY
android.support.v4.app.NotificationCompatExtras: java.lang.String EXTRA_GROUP_SUMMARY
android.support.v4.app.NotificationCompatExtras: java.lang.String EXTRA_SORT_KEY
android.support.v4.app.NotificationCompatExtras: java.lang.String EXTRA_ACTION_EXTRAS
android.support.v4.app.NotificationCompatExtras: java.lang.String EXTRA_REMOTE_INPUTS
android.support.v4.app.NotificationCompatExtras: NotificationCompatExtras()
android.support.v4.app.NotificationCompatGingerbread
android.support.v4.app.NotificationCompatGingerbread: NotificationCompatGingerbread()
android.support.v4.app.NotificationCompatGingerbread: android.app.Notification add(android.app.Notification,android.content.Context,java.lang.CharSequence,java.lang.CharSequence,android.app.PendingIntent,android.app.PendingIntent)
android.support.v4.app.NotificationCompatHoneycomb
android.support.v4.app.NotificationCompatHoneycomb: NotificationCompatHoneycomb()
android.support.v4.app.NotificationCompatHoneycomb: android.app.Notification add(android.content.Context,android.app.Notification,java.lang.CharSequence,java.lang.CharSequence,java.lang.CharSequence,android.widget.RemoteViews,int,android.app.PendingIntent,android.app.PendingIntent,android.graphics.Bitmap)
android.support.v4.app.NotificationCompatIceCreamSandwich
android.support.v4.app.NotificationCompatIceCreamSandwich: NotificationCompatIceCreamSandwich()
android.support.v4.app.NotificationCompatIceCreamSandwich$Builder
android.support.v4.app.NotificationCompatIceCreamSandwich$Builder: android.app.Notification$Builder b
android.support.v4.app.NotificationCompatIceCreamSandwich$Builder: NotificationCompatIceCreamSandwich$Builder(android.content.Context,android.app.Notification,java.lang.CharSequence,java.lang.CharSequence,java.lang.CharSequence,android.widget.RemoteViews,int,android.app.PendingIntent,android.app.PendingIntent,android.graphics.Bitmap,int,int,boolean)
android.support.v4.app.NotificationCompatIceCreamSandwich$Builder: android.app.Notification$Builder getBuilder()
android.support.v4.app.NotificationCompatIceCreamSandwich$Builder: android.app.Notification build()
android.support.v4.app.NotificationCompatJellybean
android.support.v4.app.NotificationCompatJellybean: java.lang.String TAG
android.support.v4.app.NotificationCompatJellybean: java.lang.String EXTRA_LOCAL_ONLY
android.support.v4.app.NotificationCompatJellybean: java.lang.String EXTRA_ACTION_EXTRAS
android.support.v4.app.NotificationCompatJellybean: java.lang.String EXTRA_REMOTE_INPUTS
android.support.v4.app.NotificationCompatJellybean: java.lang.String EXTRA_GROUP_KEY
android.support.v4.app.NotificationCompatJellybean: java.lang.String EXTRA_GROUP_SUMMARY
android.support.v4.app.NotificationCompatJellybean: java.lang.String EXTRA_SORT_KEY
android.support.v4.app.NotificationCompatJellybean: java.lang.String EXTRA_USE_SIDE_CHANNEL
android.support.v4.app.NotificationCompatJellybean: java.lang.String KEY_ICON
android.support.v4.app.NotificationCompatJellybean: java.lang.String KEY_TITLE
android.support.v4.app.NotificationCompatJellybean: java.lang.String KEY_ACTION_INTENT
android.support.v4.app.NotificationCompatJellybean: java.lang.String KEY_EXTRAS
android.support.v4.app.NotificationCompatJellybean: java.lang.String KEY_REMOTE_INPUTS
android.support.v4.app.NotificationCompatJellybean: java.lang.Object sExtrasLock
android.support.v4.app.NotificationCompatJellybean: java.lang.reflect.Field sExtrasField
android.support.v4.app.NotificationCompatJellybean: boolean sExtrasFieldAccessFailed
android.support.v4.app.NotificationCompatJellybean: java.lang.Object sActionsLock