PushDemo/build/outputs/mapping/debug/mapping.txt
com.umeng.message.example.AddOrUpdateLocalNotificationActivity -> com.umeng.message.example.AddOrUpdateLocalNotificationActivity:
    int CREATE_LOCAL_NOTIFICATION -> b
    int UPDATE_LOCAL_NOTIFICATION -> c
    com.umeng.message.local.UmengLocalNotification localNotification -> d
    android.widget.TextView txvYear -> e
    android.widget.TextView txvMonth -> f
    android.widget.TextView txvDay -> g
    android.widget.EditText edtYear -> h
    android.widget.EditText edtMonth -> i
    android.widget.EditText edtDay -> j
    android.widget.EditText edtHour -> k
    android.widget.EditText edtMinute -> l
    android.widget.EditText edtSecond -> m
    android.widget.EditText edtRepeatingNum -> n
    android.widget.EditText edtRepeatingInterval -> o
    android.widget.Spinner spRepeatingUnit -> p
    android.widget.Spinner spSpecialDay -> q
    android.widget.EditText edtTitle -> r
    android.widget.EditText edtContent -> s
    android.widget.EditText edtTicker -> t
    android.widget.EditText edtFlags -> u
    android.widget.EditText edtDefaults -> v
    android.widget.EditText edtSmallIconDrawable -> w
    android.widget.EditText edtLargeIconDrawable -> x
    android.widget.EditText edtSoundDrawable -> y
    android.widget.Spinner spPlayVibrate -> z
    android.widget.Spinner spPlayLights -> A
    android.widget.Spinner spPlaySound -> B
    android.widget.Spinner spScreenOn -> C
    android.widget.EditText edtLayoutId -> D
    android.widget.EditText edtLayoutTitleId -> E
com.umeng.message.example.AddOrUpdateLocalNotificationActivity$1 -> com.umeng.message.example.a:
    com.umeng.message.example.AddOrUpdateLocalNotificationActivity this$0 -> a
    void <init>(com.umeng.message.example.AddOrUpdateLocalNotificationActivity) -> <init>
    void onClick(android.content.DialogInterface,int) -> onClick
com.umeng.message.example.AddOrUpdateLocalNotificationActivity$2 -> com.umeng.message.example.b:
    com.umeng.message.example.AddOrUpdateLocalNotificationActivity this$0 -> a
    void <init>(com.umeng.message.example.AddOrUpdateLocalNotificationActivity) -> <init>
    void onClick(android.content.DialogInterface,int) -> onClick
com.umeng.message.example.AddOrUpdateLocalNotificationActivity$3 -> com.umeng.message.example.c:
    com.umeng.message.example.AddOrUpdateLocalNotificationActivity this$0 -> a
    void <init>(com.umeng.message.example.AddOrUpdateLocalNotificationActivity) -> <init>
    void onClick(android.content.DialogInterface,int) -> onClick
com.umeng.message.example.AddOrUpdateLocalNotificationActivity$4 -> com.umeng.message.example.d:
    com.umeng.message.example.AddOrUpdateLocalNotificationActivity this$0 -> a
    void <init>(com.umeng.message.example.AddOrUpdateLocalNotificationActivity) -> <init>
    void onClick(android.content.DialogInterface,int) -> onClick
com.umeng.message.example.AddOrUpdateLocalNotificationActivity$5 -> com.umeng.message.example.e:
    com.umeng.message.example.AddOrUpdateLocalNotificationActivity this$0 -> a
    void <init>(com.umeng.message.example.AddOrUpdateLocalNotificationActivity) -> <init>
    void onItemSelected(android.widget.AdapterView,android.view.View,int,long) -> onItemSelected
    void onNothingSelected(android.widget.AdapterView) -> onNothingSelected
com.umeng.message.example.AddOrUpdateLocalNotificationActivity$6 -> com.umeng.message.example.f:
    com.umeng.message.example.AddOrUpdateLocalNotificationActivity this$0 -> a
    void <init>(com.umeng.message.example.AddOrUpdateLocalNotificationActivity) -> <init>
    void handleMessage(android.os.Message) -> handleMessage
com.umeng.message.example.AddOrUpdateLocalNotificationActivity$7 -> com.umeng.message.example.g:
    com.umeng.message.example.AddOrUpdateLocalNotificationActivity this$0 -> a
    void <init>(com.umeng.message.example.AddOrUpdateLocalNotificationActivity) -> <init>
    void run() -> run
...
android.support.v4.view.ViewGroupCompat$ViewGroupCompatIcsImpl -> android.support.v4.view.ViewGroupCompat$ViewGroupCompatIcsImpl:
    void <init>() -> <init>
    boolean onRequestSendAccessibilityEvent(android.view.ViewGroup,android.view.View,android.view.accessibility.AccessibilityEvent) -> onRequestSendAccessibilityEvent
android.support.v4.view.ViewGroupCompat$ViewGroupCompatImpl -> android.support.v4.view.ViewGroupCompat$ViewGroupCompatImpl:
    boolean onRequestSendAccessibilityEvent(android.view.ViewGroup,android.view.View,android.view.accessibility.AccessibilityEvent) -> onRequestSendAccessibilityEvent
    void setMotionEventSplittingEnabled(android.view.ViewGroup,boolean) -> setMotionEventSplittingEnabled
    int getLayoutMode(android.view.ViewGroup) -> getLayoutMode
    void setLayoutMode(android.view.ViewGroup,int) -> setLayoutMode
    void setTransitionGroup(android.view.ViewGroup,boolean) -> setTransitionGroup
    boolean isTransitionGroup(android.view.ViewGroup) -> isTransitionGroup
    int getNestedScrollAxes(android.view.ViewGroup) -> getNestedScrollAxes
android.support.v4.view.ViewGroupCompat$ViewGroupCompatJellybeanMR2Impl -> android.support.v4.view.ViewGroupCompat$ViewGroupCompatJellybeanMR2Impl:
    void <init>() -> <init>
    int getLayoutMode(android.view.ViewGroup) -> getLayoutMode
    void setLayoutMode(android.view.ViewGroup,int) -> setLayoutMode
android.support.v4.view.ViewGroupCompat$ViewGroupCompatLollipopImpl -> android.support.v4.view.ViewGroupCompat$ViewGroupCompatLollipopImpl:
    void <init>() -> <init>
    void setTransitionGroup(android.view.ViewGroup,boolean) -> setTransitionGroup
    boolean isTransitionGroup(android.view.ViewGroup) -> isTransitionGroup
    int getNestedScrollAxes(android.view.ViewGroup) -> getNestedScrollAxes
android.support.v4.view.ViewGroupCompat$ViewGroupCompatStubImpl -> android.support.v4.view.ViewGroupCompat$ViewGroupCompatStubImpl:
    void <init>() -> <init>
    boolean onRequestSendAccessibilityEvent(android.view.ViewGroup,android.view.View,android.view.accessibility.AccessibilityEvent) -> onRequestSendAccessibilityEvent
    void setMotionEventSplittingEnabled(android.view.ViewGroup,boolean) -> setMotionEventSplittingEnabled
    int getLayoutMode(android.view.ViewGroup) -> getLayoutMode
    void setLayoutMode(android.view.ViewGroup,int) -> setLayoutMode
    void setTransitionGroup(android.view.ViewGroup,boolean) -> setTransitionGroup
    boolean isTransitionGroup(android.view.ViewGroup) -> isTransitionGroup
    int getNestedScrollAxes(android.view.ViewGroup) -> getNestedScrollAxes
android.support.v4.view.ViewGroupCompatHC -> android.support.v4.view.ViewGroupCompatHC:
    void <init>() -> <init>
    void setMotionEventSplittingEnabled(android.view.ViewGroup,boolean) -> setMotionEventSplittingEnabled
android.support.v4.view.ViewGroupCompatIcs -> android.support.v4.view.ViewGroupCompatIcs:
    void <init>() -> <init>
    boolean onRequestSendAccessibilityEvent(android.view.ViewGroup,android.view.View,android.view.accessibility.AccessibilityEvent) -> onRequestSendAccessibilityEvent
android.support.v4.view.ViewGroupCompatJellybeanMR2 -> android.support.v4.view.ViewGroupCompatJellybeanMR2:
    void <init>() -> <init>
    int getLayoutMode(android.view.ViewGroup) -> getLayoutMode
    void setLayoutMode(android.view.ViewGroup,int) -> setLayoutMode
android.support.v4.view.ViewGroupCompatLollipop -> android.support.v4.view.ViewGroupCompatLollipop:
    void <init>() -> <init>
    void setTransitionGroup(android.view.ViewGroup,boolean) -> setTransitionGroup
    boolean isTransitionGroup(android.view.ViewGroup) -> isTransitionGroup
    int getNestedScrollAxes(android.view.ViewGroup) -> getNestedScrollAxes