PushDemo/build/outputs/mapping/debug/usage.txt
com.umeng.message.example.BuildConfig
com.umeng.message.example.Constants
com.umeng.message.example.CustomNotificationHandler
com.umeng.message.example.Helper:
    9:9:public Helper()
com.umeng.message.example.LocalNotificationActivity$ListViewAndHeadViewTouchLinstener
com.umeng.message.example.MainActivity:
    605:642:private void addLocalNotification()
com.umeng.message.example.R:
    10:10:public R()
...
com.umeng.message.proguard.b:
    15:15:public b()
    59:64:public static java.lang.String a(java.lang.String,java.lang.String)
com.umeng.message.proguard.c:
    private static final int m
    private static final int n
    private static final int o
    private static final int s
    305:305:public boolean a()
    477:477:public static boolean a(byte)
    491:491:public static boolean a(java.lang.String)
    505:505:public static boolean a(byte[])
    519:524:public static boolean b(byte[])
    563:563:public static byte[] e(byte[])
    576:576:public static java.lang.String f(byte[])
    587:587:public static byte[] g(byte[])
    667:667:public static byte[] b(java.lang.String)
    693:693:public static java.math.BigInteger i(byte[])
    707:710:public static byte[] a(java.math.BigInteger)
    721:741:static byte[] b(java.math.BigInteger)
com.umeng.message.proguard.d:
    public static final int b
    public static final int c
    private static final int a
    private static final int m
    protected static final int d
    protected static final byte e
    144:144:boolean b()
    222:229:protected static boolean c(byte)
    256:259:public java.lang.Object a(java.lang.Object)
    270:270:public java.lang.String j(byte[])
    284:289:public java.lang.Object b(java.lang.Object)
    301:301:public byte[] c(java.lang.String)
    350:350:public java.lang.String m(byte[])
    378:384:public boolean b(byte[],boolean)
    397:397:public boolean d(java.lang.String)
com.umeng.message.proguard.e
com.umeng.message.proguard.f
com.umeng.message.proguard.g:
    private static final java.lang.String b
    51:51:public g()
    96:112:public static java.lang.String b(java.lang.String)
    122:141:public static java.lang.String a(java.io.File)
    163:175:public static java.lang.String a(android.content.Context,long)
    179:198:public static java.lang.String c(java.lang.String)
    209:212:public static void a(android.content.Context,java.lang.String)
    224:230:public static boolean b(android.content.Context,java.lang.String)
    254:259:public static boolean e(java.lang.String)
    269:270:public static java.lang.String a()
    279:282:public static java.lang.String a(java.util.Date)
    293:310:public static boolean a(android.content.Context)
    348:353:public static void a(java.io.OutputStream)
com.umeng.message.proguard.h
com.umeng.message.proguard.i:
    8:10:public i(android.content.Context)
    13:14:public static void a(android.content.Context)
    28:28:public static int b(float)
    36:36:public static int c(float)
    44:44:public static int d(float)
com.umeng.message.proguard.j